<?xml version="1.0" encoding="UTF-8"?>
<testsuite xmlns:xsi="http://www.w3.org/2001/XMLSchema-instance" xsi:noNamespaceSchemaLocation="https://maven.apache.org/surefire/maven-surefire-plugin/xsd/surefire-test-report-3.0.xsd" version="3.0" name="model.BudgetRecordTest" time="0.115" tests="7" errors="0" skipped="0" failures="0">
  <properties>
[...]
</properties>
  <testcase name="testAddExpress" classname="model.BudgetRecordTest" time="0.047"/>
  <testcase name="testAddExpressWithNegativeValue" classname="model.BudgetRecordTest" time="0.002"/>
  <testcase name="testSetBudget" classname="model.BudgetRecordTest" time="0.001"/>
  <testcase name="testSetUserId" classname="model.BudgetRecordTest" time="0.002"/>
  <testcase name="testAddExpressWithZero" classname="model.BudgetRecordTest" time="0.001"/>
  <testcase name="testConstructor" classname="model.BudgetRecordTest" time="0.001"/>
  <testcase name="testSetMonth" classname="model.BudgetRecordTest" time="0.001"/>
</testsuite>